[2022-08-09 11:54:41.689] [exthost] [info] Extension host with pid 3748958 started
[2022-08-09 11:54:41.689] [exthost] [error] Error: listen EACCES: permission denied /run/user/1049/vscode-ipc-9645214c-6e03-4889-82af-1df900c6ed67.sock
    at Server.setupListenHandle [as _listen2] (node:net:1317:21)
    at listenInCluster (node:net:1382:12)
    at Server.listen (node:net:1480:5)
    at L.setup (/home/rasadi/.vscode-server/bin/3b889b090b5ad5793f524b5d1d39fda662b96a2a/out/vs/workbench/api/node/extensionHostProcess.js:111:25938)
    at new P (/home/rasadi/.vscode-server/bin/3b889b090b5ad5793f524b5d1d39fda662b96a2a/out/vs/workbench/api/node/extensionHostProcess.js:111:25826)
    at new L (/home/rasadi/.vscode-server/bin/3b889b090b5ad5793f524b5d1d39fda662b96a2a/out/vs/workbench/api/node/extensionHostProcess.js:111:28133)
    at L._createInstance (/home/rasadi/.vscode-server/bin/3b889b090b5ad5793f524b5d1d39fda662b96a2a/out/vs/workbench/api/node/extensionHostProcess.js:76:1346)
    at L.createInstance (/home/rasadi/.vscode-server/bin/3b889b090b5ad5793f524b5d1d39fda662b96a2a/out/vs/workbench/api/node/extensionHostProcess.js:76:779)
    at b._beforeAlmostReadyToRunExtensions (/home/rasadi/.vscode-server/bin/3b889b090b5ad5793f524b5d1d39fda662b96a2a/out/vs/workbench/api/node/extensionHostProcess.js:111:29369)
    at b.initialize (/home/rasadi/.vscode-server/bin/3b889b090b5ad5793f524b5d1d39fda662b96a2a/out/vs/workbench/api/node/extensionHostProcess.js:97:10168)
    at new b (/home/rasadi/.vscode-server/bin/3b889b090b5ad5793f524b5d1d39fda662b96a2a/out/vs/workbench/api/node/extensionHostProcess.js:100:2257)
    at s (/home/rasadi/.vscode-server/bin/3b889b090b5ad5793f524b5d1d39fda662b96a2a/out/vs/workbench/api/node/extensionHostProcess.js:111:36622)
[2022-08-09 11:54:41.862] [exthost] [info] ExtensionService#_doActivateExtension vscode.debug-auto-launch, startup: true, activationEvent: '*'
[2022-08-09 11:54:41.896] [exthost] [info] ExtensionService#_doActivateExtension vscode.git-base, startup: true, activationEvent: '*', root cause: vscode.git
[2022-08-09 11:54:41.908] [exthost] [info] ExtensionService#_doActivateExtension vscode.ipynb, startup: true, activationEvent: '*'
[2022-08-09 11:54:42.729] [exthost] [info] ExtensionService#_doActivateExtension vscode.git, startup: true, activationEvent: '*'
[2022-08-09 11:54:42.938] [exthost] [info] ExtensionService#_doActivateExtension vscode.github, startup: true, activationEvent: '*'
[2022-08-09 11:54:43.874] [exthost] [info] ExtensionService#_doActivateExtension vscode.emmet, startup: false, activationEvent: 'onStartupFinished'
[2022-08-09 11:54:43.940] [exthost] [info] ExtensionService#_doActivateExtension vscode.merge-conflict, startup: false, activationEvent: 'onStartupFinished'
[2022-08-09 11:54:43.952] [exthost] [info] Eager extensions activated
[2022-08-09 11:54:45.777] [exthost] [info] Extension host terminating: received terminate message from renderer
[2022-08-09 11:54:45.796] [exthost] [info] Extension host with pid 3748958 exiting with code 0
