[2022-08-09T11:54:58.792Z] Log level: Info
[2022-08-09T11:54:58.820Z] [info] Validating found git in: git
[2022-08-09T11:54:58.913Z] [info] Using git 2.36.1 from git
[2022-08-09T11:54:59.129Z] > git rev-parse --show-toplevel [177ms]
[2022-08-09T11:54:59.211Z] > git rev-parse --git-dir --git-common-dir [62ms]
[2022-08-09T11:54:59.291Z] [info] Open repository: /home/rasadi
[2022-08-09T11:55:01.184Z] > git check-ignore -v -z --stdin [931ms]
[2022-08-09T11:55:01.289Z] > git status -z -uall [1974ms]
[2022-08-09T11:55:01.308Z] > git symbolic-ref --short HEAD [8ms]
[2022-08-09T11:55:01.328Z] > git for-each-ref --format=%(refname)%00%(upstream:short)%00%(objectname)%00%(upstream:track)%00%(upstream:remotename)%00%(upstream:remoteref) refs/heads/main refs/remotes/main [7ms]
[2022-08-09T11:55:01.404Z] > git for-each-ref --sort -committerdate --format %(refname) %(objectname) %(*objectname) [57ms]
[2022-08-09T11:55:01.412Z] > git remote --verbose [25ms]
[2022-08-09T11:55:04.034Z] > git config --get commit.template [7ms]
[2022-08-09T11:55:04.218Z] > git status -z -uall [163ms]
[2022-08-09T11:55:04.236Z] > git symbolic-ref --short HEAD [5ms]
[2022-08-09T11:55:04.293Z] > git for-each-ref --format=%(refname)%00%(upstream:short)%00%(objectname)%00%(upstream:track)%00%(upstream:remotename)%00%(upstream:remoteref) refs/heads/main refs/remotes/main [5ms]
[2022-08-09T11:55:04.319Z] > git for-each-ref --sort -committerdate --format %(refname) %(objectname) %(*objectname) [14ms]
[2022-08-09T11:55:04.321Z] > git remote --verbose [5ms]
[2022-08-09T11:55:07.758Z] > git config --get commit.template [10ms]
[2022-08-09T11:57:39.024Z] > git status -z -uall [108ms]
[2022-08-09T11:57:39.042Z] > git symbolic-ref --short HEAD [6ms]
[2022-08-09T11:57:39.061Z] > git for-each-ref --format=%(refname)%00%(upstream:short)%00%(objectname)%00%(upstream:track)%00%(upstream:remotename)%00%(upstream:remoteref) refs/heads/main refs/remotes/main [8ms]
[2022-08-09T11:57:39.100Z] > git for-each-ref --sort -committerdate --format %(refname) %(objectname) %(*objectname) [13ms]
[2022-08-09T11:57:39.103Z] > git remote --verbose [8ms]
[2022-08-09T11:57:42.199Z] > git config --get commit.template [38ms]
[2022-08-09T11:57:42.740Z] > git check-ignore -v -z --stdin [7ms]
[2022-08-09T11:57:47.332Z] > git status -z -uall [117ms]
[2022-08-09T11:57:47.350Z] > git symbolic-ref --short HEAD [5ms]
[2022-08-09T11:57:47.393Z] > git for-each-ref --format=%(refname)%00%(upstream:short)%00%(objectname)%00%(upstream:track)%00%(upstream:remotename)%00%(upstream:remoteref) refs/heads/main refs/remotes/main [28ms]
[2022-08-09T11:57:47.419Z] > git for-each-ref --sort -committerdate --format %(refname) %(objectname) %(*objectname) [12ms]
[2022-08-09T11:57:47.421Z] > git remote --verbose [5ms]
[2022-08-09T11:57:49.816Z] > git config --get commit.template [93ms]
[2022-08-09T11:57:50.764Z] > git check-ignore -v -z --stdin [424ms]
[2022-08-09T11:57:54.917Z] > git status -z -uall [80ms]
[2022-08-09T11:57:54.937Z] > git symbolic-ref --short HEAD [6ms]
[2022-08-09T11:57:54.961Z] > git for-each-ref --format=%(refname)%00%(upstream:short)%00%(objectname)%00%(upstream:track)%00%(upstream:remotename)%00%(upstream:remoteref) refs/heads/main refs/remotes/main [7ms]
[2022-08-09T11:57:55.005Z] > git for-each-ref --sort -committerdate --format %(refname) %(objectname) %(*objectname) [16ms]
[2022-08-09T11:57:55.009Z] > git remote --verbose [8ms]
[2022-08-09T11:57:58.046Z] > git config --get commit.template [10ms]
[2022-08-09T11:58:03.191Z] > git status -z -uall [84ms]
[2022-08-09T11:58:03.215Z] > git symbolic-ref --short HEAD [7ms]
[2022-08-09T11:58:03.232Z] > git for-each-ref --format=%(refname)%00%(upstream:short)%00%(objectname)%00%(upstream:track)%00%(upstream:remotename)%00%(upstream:remoteref) refs/heads/main refs/remotes/main [5ms]
[2022-08-09T11:58:03.262Z] > git for-each-ref --sort -committerdate --format %(refname) %(objectname) %(*objectname) [19ms]
[2022-08-09T11:58:03.264Z] > git remote --verbose [4ms]
[2022-08-09T11:58:03.392Z] > git config --get commit.template [5ms]
[2022-08-09T11:58:08.487Z] > git status -z -uall [79ms]
[2022-08-09T11:58:08.506Z] > git symbolic-ref --short HEAD [6ms]
[2022-08-09T11:58:08.532Z] > git for-each-ref --format=%(refname)%00%(upstream:short)%00%(objectname)%00%(upstream:track)%00%(upstream:remotename)%00%(upstream:remoteref) refs/heads/main refs/remotes/main [7ms]
[2022-08-09T11:58:08.590Z] > git for-each-ref --sort -committerdate --format %(refname) %(objectname) %(*objectname) [44ms]
[2022-08-09T11:58:08.594Z] > git remote --verbose [30ms]
[2022-08-09T11:58:11.333Z] > git config --get commit.template [2567ms]
[2022-08-09T11:58:16.425Z] > git status -z -uall [76ms]
[2022-08-09T11:58:16.442Z] > git symbolic-ref --short HEAD [4ms]
[2022-08-09T11:58:16.460Z] > git for-each-ref --format=%(refname)%00%(upstream:short)%00%(objectname)%00%(upstream:track)%00%(upstream:remotename)%00%(upstream:remoteref) refs/heads/main refs/remotes/main [6ms]
[2022-08-09T11:58:16.501Z] > git for-each-ref --sort -committerdate --format %(refname) %(objectname) %(*objectname) [15ms]
[2022-08-09T11:58:16.503Z] > git remote --verbose [5ms]
[2022-08-09T11:58:16.616Z] > git config --get commit.template [4ms]
[2022-08-09T11:58:21.710Z] > git status -z -uall [75ms]
[2022-08-09T11:58:21.725Z] > git symbolic-ref --short HEAD [3ms]
[2022-08-09T11:58:21.742Z] > git for-each-ref --format=%(refname)%00%(upstream:short)%00%(objectname)%00%(upstream:track)%00%(upstream:remotename)%00%(upstream:remoteref) refs/heads/main refs/remotes/main [5ms]
[2022-08-09T11:58:21.792Z] > git remote --verbose [6ms]
[2022-08-09T11:58:21.794Z] > git for-each-ref --sort -committerdate --format %(refname) %(objectname) %(*objectname) [40ms]
[2022-08-09T11:58:21.905Z] > git config --get commit.template [3ms]
[2022-08-09T11:58:26.997Z] > git status -z -uall [73ms]
[2022-08-09T11:58:27.014Z] > git symbolic-ref --short HEAD [4ms]
[2022-08-09T11:58:27.030Z] > git for-each-ref --format=%(refname)%00%(upstream:short)%00%(objectname)%00%(upstream:track)%00%(upstream:remotename)%00%(upstream:remoteref) refs/heads/main refs/remotes/main [5ms]
[2022-08-09T11:58:27.061Z] > git for-each-ref --sort -committerdate --format %(refname) %(objectname) %(*objectname) [19ms]
[2022-08-09T11:58:27.063Z] > git remote --verbose [5ms]
[2022-08-09T11:58:27.199Z] > git config --get commit.template [4ms]
[2022-08-09T11:58:32.306Z] > git status -z -uall [88ms]
[2022-08-09T11:58:32.325Z] > git symbolic-ref --short HEAD [5ms]
[2022-08-09T11:58:32.347Z] > git for-each-ref --format=%(refname)%00%(upstream:short)%00%(objectname)%00%(upstream:track)%00%(upstream:remotename)%00%(upstream:remoteref) refs/heads/main refs/remotes/main [5ms]
[2022-08-09T11:58:32.407Z] > git for-each-ref --sort -committerdate --format %(refname) %(objectname) %(*objectname) [42ms]
[2022-08-09T11:58:32.411Z] > git remote --verbose [8ms]
[2022-08-09T11:58:32.537Z] > git config --get commit.template [4ms]
[2022-08-09T11:58:37.614Z] > git status -z -uall [59ms]
[2022-08-09T11:58:37.630Z] > git symbolic-ref --short HEAD [3ms]
[2022-08-09T11:58:37.648Z] > git for-each-ref --format=%(refname)%00%(upstream:short)%00%(objectname)%00%(upstream:track)%00%(upstream:remotename)%00%(upstream:remoteref) refs/heads/main refs/remotes/main [7ms]
[2022-08-09T11:58:37.701Z] > git for-each-ref --sort -committerdate --format %(refname) %(objectname) %(*objectname) [41ms]
[2022-08-09T11:58:37.703Z] > git remote --verbose [5ms]
[2022-08-09T11:58:39.929Z] > git config --get commit.template [2089ms]
[2022-08-09T11:58:45.044Z] > git status -z -uall [98ms]
[2022-08-09T11:58:45.067Z] > git symbolic-ref --short HEAD [7ms]
[2022-08-09T11:58:45.093Z] > git for-each-ref --format=%(refname)%00%(upstream:short)%00%(objectname)%00%(upstream:track)%00%(upstream:remotename)%00%(upstream:remoteref) refs/heads/main refs/remotes/main [6ms]
[2022-08-09T11:58:45.128Z] > git for-each-ref --sort -committerdate --format %(refname) %(objectname) %(*objectname) [20ms]
[2022-08-09T11:58:45.129Z] > git remote --verbose [4ms]
[2022-08-09T11:58:45.246Z] > git config --get commit.template [4ms]
