[2022-08-09 11:54:56.318] [exthost] [info] Extension host with pid 3749168 started
[2022-08-09 11:54:56.318] [exthost] [error] Error: listen EACCES: permission denied /run/user/1049/vscode-ipc-39fa57de-ca40-4d9a-83c9-6225d3ed770a.sock
    at Server.setupListenHandle [as _listen2] (node:net:1317:21)
    at listenInCluster (node:net:1382:12)
    at Server.listen (node:net:1480:5)
    at L.setup (/home/rasadi/.vscode-server/bin/3b889b090b5ad5793f524b5d1d39fda662b96a2a/out/vs/workbench/api/node/extensionHostProcess.js:111:25938)
    at new P (/home/rasadi/.vscode-server/bin/3b889b090b5ad5793f524b5d1d39fda662b96a2a/out/vs/workbench/api/node/extensionHostProcess.js:111:25826)
    at new L (/home/rasadi/.vscode-server/bin/3b889b090b5ad5793f524b5d1d39fda662b96a2a/out/vs/workbench/api/node/extensionHostProcess.js:111:28133)
    at L._createInstance (/home/rasadi/.vscode-server/bin/3b889b090b5ad5793f524b5d1d39fda662b96a2a/out/vs/workbench/api/node/extensionHostProcess.js:76:1346)
    at L.createInstance (/home/rasadi/.vscode-server/bin/3b889b090b5ad5793f524b5d1d39fda662b96a2a/out/vs/workbench/api/node/extensionHostProcess.js:76:779)
    at b._beforeAlmostReadyToRunExtensions (/home/rasadi/.vscode-server/bin/3b889b090b5ad5793f524b5d1d39fda662b96a2a/out/vs/workbench/api/node/extensionHostProcess.js:111:29369)
    at b.initialize (/home/rasadi/.vscode-server/bin/3b889b090b5ad5793f524b5d1d39fda662b96a2a/out/vs/workbench/api/node/extensionHostProcess.js:97:10168)
    at new b (/home/rasadi/.vscode-server/bin/3b889b090b5ad5793f524b5d1d39fda662b96a2a/out/vs/workbench/api/node/extensionHostProcess.js:100:2257)
    at s (/home/rasadi/.vscode-server/bin/3b889b090b5ad5793f524b5d1d39fda662b96a2a/out/vs/workbench/api/node/extensionHostProcess.js:111:36622)
[2022-08-09 11:54:56.513] [exthost] [info] Lock '/home/rasadi/.vscode-server/data/User/workspaceStorage/9e3d6735623df005df9e38db0bc81748/vscode.lock': Lock acquired.
[2022-08-09 11:54:56.794] [exthost] [info] ExtensionService#_doActivateExtension vscode.debug-auto-launch, startup: true, activationEvent: '*'
[2022-08-09 11:54:56.820] [exthost] [info] ExtensionService#_doActivateExtension vscode.git-base, startup: true, activationEvent: '*'
[2022-08-09 11:54:56.922] [exthost] [info] ExtensionService#_doActivateExtension vscode.ipynb, startup: true, activationEvent: '*'
[2022-08-09 11:54:57.201] [exthost] [info] ExtensionService#_doActivateExtension vscode.npm, startup: true, activationEvent: 'workspaceContains:package.json'
[2022-08-09 11:54:58.349] [exthost] [info] ExtensionService#_doActivateExtension vscode.github, startup: true, activationEvent: '*'
[2022-08-09 11:54:58.430] [exthost] [info] ExtensionService#_doActivateExtension vscode.git, startup: false, activationEvent: '*'
[2022-08-09 11:54:59.477] [exthost] [info] ExtensionService#_doActivateExtension vscode.emmet, startup: false, activationEvent: 'onStartupFinished'
[2022-08-09 11:54:59.697] [exthost] [info] ExtensionService#_doActivateExtension vscode.merge-conflict, startup: false, activationEvent: 'onStartupFinished'
[2022-08-09 11:54:59.732] [exthost] [info] Eager extensions activated
[2022-08-09 11:55:01.601] [exthost] [warning] [Decorations] CAPPING events from decorations provider vscode.git 2171
[2022-08-09 11:55:04.448] [exthost] [warning] [Decorations] CAPPING events from decorations provider vscode.git 2171
[2022-08-09 11:57:39.257] [exthost] [warning] [Decorations] CAPPING events from decorations provider vscode.git 2171
[2022-08-09 11:57:47.534] [exthost] [warning] [Decorations] CAPPING events from decorations provider vscode.git 2171
[2022-08-09 11:57:55.175] [exthost] [warning] [Decorations] CAPPING events from decorations provider vscode.git 2171
[2022-08-09 11:58:03.347] [exthost] [warning] [Decorations] CAPPING events from decorations provider vscode.git 2171
[2022-08-09 11:58:08.743] [exthost] [warning] [Decorations] CAPPING events from decorations provider vscode.git 2171
[2022-08-09 11:58:16.567] [exthost] [warning] [Decorations] CAPPING events from decorations provider vscode.git 2171
[2022-08-09 11:58:21.869] [exthost] [warning] [Decorations] CAPPING events from decorations provider vscode.git 2171
[2022-08-09 11:58:27.155] [exthost] [warning] [Decorations] CAPPING events from decorations provider vscode.git 2171
[2022-08-09 11:58:32.504] [exthost] [warning] [Decorations] CAPPING events from decorations provider vscode.git 2171
[2022-08-09 11:58:37.814] [exthost] [warning] [Decorations] CAPPING events from decorations provider vscode.git 2171
[2022-08-09 11:58:45.211] [exthost] [warning] [Decorations] CAPPING events from decorations provider vscode.git 2171
[2022-08-09 11:59:56.909] [exthost] [warning] [Decorations] CAPPING events from decorations provider vscode.git 2171
[2022-08-09 12:01:27.778] [exthost] [info] Extension host terminating: received terminate message from renderer
[2022-08-09 12:01:27.779] [exthost] [info] Lock '/home/rasadi/.vscode-server/data/User/workspaceStorage/9e3d6735623df005df9e38db0bc81748/vscode.lock': Marking the lockfile as scheduled to be released in 6000 ms.
[2022-08-09 12:01:27.810] [exthost] [info] Extension host with pid 3749168 exiting with code 0
